  Client.cpp
f:\мгту\11 семестр\ооаип\lab4\lab4\client.cpp(6): error C2653: Client: не является именем класса или пространства имен
f:\мгту\11 семестр\ооаип\lab4\lab4\client.cpp(6): error C2065: MyDB: необъявленный идентификатор
f:\мгту\11 семестр\ооаип\lab4\lab4\client.cpp(6): error C2065: _db: необъявленный идентификатор
f:\мгту\11 семестр\ооаип\lab4\lab4\client.cpp(6): error C4430: отсутствует спецификатор типа - предполагается int. Примечание. C++ не поддерживает int по умолчанию
f:\мгту\11 семестр\ооаип\lab4\lab4\client.cpp(7): error C2448: Client: вероятно, инициализатор, использующий стиль функции, является определением функции
f:\мгту\11 семестр\ооаип\lab4\lab4\client.cpp(11): error C2825: Client: должен представлять класс или пространство имен с последующим "::"
f:\мгту\11 семестр\ооаип\lab4\lab4\client.cpp(11): error C2510: Client: выражение слева от "::" должно быть классом, структурой или объединением
f:\мгту\11 семестр\ооаип\lab4\lab4\client.cpp(13): error C3861: SetConsoleCP: идентификатор не найден
f:\мгту\11 семестр\ооаип\lab4\lab4\client.cpp(14): error C3861: SetConsoleOutputCP: идентификатор не найден
f:\мгту\11 семестр\ооаип\lab4\lab4\client.cpp(15): error C2065: LC_ALL: необъявленный идентификатор
f:\мгту\11 семестр\ооаип\lab4\lab4\client.cpp(15): error C3861: setlocale: идентификатор не найден
f:\мгту\11 семестр\ооаип\lab4\lab4\client.cpp(16): error C2065: string: необъявленный идентификатор
f:\мгту\11 семестр\ооаип\lab4\lab4\client.cpp(16): error C2146: синтаксическая ошибка: отсутствие ";" перед идентификатором "delimiter"
f:\мгту\11 семестр\ооаип\lab4\lab4\client.cpp(16): error C2065: delimiter: необъявленный идентификатор
f:\мгту\11 семестр\ооаип\lab4\lab4\client.cpp(19): error C2065: string: необъявленный идентификатор
f:\мгту\11 семестр\ооаип\lab4\lab4\client.cpp(19): error C2146: синтаксическая ошибка: отсутствие ";" перед идентификатором "name"
f:\мгту\11 семестр\ооаип\lab4\lab4\client.cpp(19): error C2065: name: необъявленный идентификатор
f:\мгту\11 семестр\ооаип\lab4\lab4\client.cpp(19): error C2065: product_name: необъявленный идентификатор
f:\мгту\11 семестр\ооаип\lab4\lab4\client.cpp(19): error C2065: descr: необъявленный идентификатор
f:\мгту\11 семестр\ооаип\lab4\lab4\client.cpp(19): error C2065: password: необъявленный идентификатор
f:\мгту\11 семестр\ооаип\lab4\lab4\client.cpp(20): error C2065: string: необъявленный идентификатор
f:\мгту\11 семестр\ооаип\lab4\lab4\client.cpp(20): error C2146: синтаксическая ошибка: отсутствие ";" перед идентификатором "query"
f:\мгту\11 семестр\ооаип\lab4\lab4\client.cpp(20): error C2065: query: необъявленный идентификатор
f:\мгту\11 семестр\ооаип\lab4\lab4\client.cpp(23): error C3861: print_help: идентификатор не найден
f:\мгту\11 семестр\ооаип\lab4\lab4\client.cpp(24): error C2065: cout: необъявленный идентификатор
f:\мгту\11 семестр\ооаип\lab4\lab4\client.cpp(24): error C2065: endl: необъявленный идентификатор
f:\мгту\11 семестр\ооаип\lab4\lab4\client.cpp(25): error C2065: cout: необъявленный идентификатор
f:\мгту\11 семестр\ооаип\lab4\lab4\client.cpp(26): error C2065: cin: необъявленный идентификатор
f:\мгту\11 семестр\ооаип\lab4\lab4\client.cpp(30): error C2065: query: необъявленный идентификатор
f:\мгту\11 семестр\ооаип\lab4\lab4\client.cpp(33): error C2065: cout: необъявленный идентификатор
f:\мгту\11 семестр\ооаип\lab4\lab4\client.cpp(33): error C2065: endl: необъявленный идентификатор
f:\мгту\11 семестр\ооаип\lab4\lab4\client.cpp(34): error C2065: cout: необъявленный идентификатор
f:\мгту\11 семестр\ооаип\lab4\lab4\client.cpp(35): error C2065: cin: необъявленный идентификатор
f:\мгту\11 семестр\ооаип\lab4\lab4\client.cpp(36): error C2065: cin: необъявленный идентификатор
f:\мгту\11 семестр\ооаип\lab4\lab4\client.cpp(36): error C2065: name: необъявленный идентификатор
f:\мгту\11 семестр\ооаип\lab4\lab4\client.cpp(36): error C3861: getline: идентификатор не найден
f:\мгту\11 семестр\ооаип\lab4\lab4\client.cpp(37): error C2065: cout: необъявленный идентификатор
f:\мгту\11 семестр\ооаип\lab4\lab4\client.cpp(38): error C2065: cin: необъявленный идентификатор
f:\мгту\11 семестр\ооаип\lab4\lab4\client.cpp(38): error C2065: password: необъявленный идентификатор
f:\мгту\11 семестр\ооаип\lab4\lab4\client.cpp(38): error C3861: getline: идентификатор не найден
f:\мгту\11 семестр\ооаип\lab4\lab4\client.cpp(39): error C2065: cout: необъявленный идентификатор
f:\мгту\11 семестр\ооаип\lab4\lab4\client.cpp(40): error C2065: cin: необъявленный идентификатор
f:\мгту\11 семестр\ооаип\lab4\lab4\client.cpp(41): error C2065: query: необъявленный идентификатор
f:\мгту\11 семестр\ооаип\lab4\lab4\client.cpp(41): error C2065: delimiter: необъявленный идентификатор
f:\мгту\11 семестр\ооаип\lab4\lab4\client.cpp(41): error C2065: name: необъявленный идентификатор
f:\мгту\11 семестр\ооаип\lab4\lab4\client.cpp(41): error C2065: password: необъявленный идентификатор
f:\мгту\11 семестр\ооаип\lab4\lab4\client.cpp(41): error C3861: to_string: идентификатор не найден
f:\мгту\11 семестр\ооаип\lab4\lab4\client.cpp(44): error C2065: cout: необъявленный идентификатор
f:\мгту\11 семестр\ооаип\lab4\lab4\client.cpp(44): error C2065: endl: необъявленный идентификатор
f:\мгту\11 семестр\ооаип\lab4\lab4\client.cpp(45): error C2065: cout: необъявленный идентификатор
f:\мгту\11 семестр\ооаип\lab4\lab4\client.cpp(46): error C2065: cin: необъявленный идентификатор
f:\мгту\11 семестр\ооаип\lab4\lab4\client.cpp(47): error C2065: cin: необъявленный идентификатор
f:\мгту\11 семестр\ооаип\lab4\lab4\client.cpp(47): error C2065: product_name: необъявленный идентификатор
f:\мгту\11 семестр\ооаип\lab4\lab4\client.cpp(47): error C3861: getline: идентификатор не найден
f:\мгту\11 семестр\ооаип\lab4\lab4\client.cpp(48): error C2065: cout: необъявленный идентификатор
f:\мгту\11 семестр\ооаип\lab4\lab4\client.cpp(49): error C2065: cin: необъявленный идентификатор
f:\мгту\11 семестр\ооаип\lab4\lab4\client.cpp(50): error C2065: cout: необъявленный идентификатор
f:\мгту\11 семестр\ооаип\lab4\lab4\client.cpp(51): error C2065: cin: необъявленный идентификатор
f:\мгту\11 семестр\ооаип\lab4\lab4\client.cpp(52): error C2065: cout: необъявленный идентификатор
f:\мгту\11 семестр\ооаип\lab4\lab4\client.cpp(53): error C2065: cin: необъявленный идентификатор
f:\мгту\11 семестр\ооаип\lab4\lab4\client.cpp(54): error C2065: cin: необъявленный идентификатор
f:\мгту\11 семестр\ооаип\lab4\lab4\client.cpp(54): error C2065: descr: необъявленный идентификатор
f:\мгту\11 семестр\ооаип\lab4\lab4\client.cpp(54): error C3861: getline: идентификатор не найден
f:\мгту\11 семестр\ооаип\lab4\lab4\client.cpp(55): error C2065: query: необъявленный идентификатор
f:\мгту\11 семестр\ооаип\lab4\lab4\client.cpp(55): error C2065: delimiter: необъявленный идентификатор
f:\мгту\11 семестр\ооаип\lab4\lab4\client.cpp(55): error C2065: product_name: необъявленный идентификатор
f:\мгту\11 семестр\ооаип\lab4\lab4\client.cpp(55): error C3861: to_string: идентификатор не найден
f:\мгту\11 семестр\ооаип\lab4\lab4\client.cpp(55): error C2065: descr: необъявленный идентификатор
f:\мгту\11 семестр\ооаип\lab4\lab4\client.cpp(58): error C2065: cout: необъявленный идентификатор
f:\мгту\11 семестр\ооаип\lab4\lab4\client.cpp(58): error C2065: endl: необъявленный идентификатор
f:\мгту\11 семестр\ооаип\lab4\lab4\client.cpp(59): error C2065: cout: необъявленный идентификатор
f:\мгту\11 семестр\ооаип\lab4\lab4\client.cpp(60): error C2065: cin: необъявленный идентификатор
f:\мгту\11 семестр\ооаип\lab4\lab4\client.cpp(61): error C2065: cin: необъявленный идентификатор
f:\мгту\11 семестр\ооаип\lab4\lab4\client.cpp(61): error C2065: product_name: необъявленный идентификатор
f:\мгту\11 семестр\ооаип\lab4\lab4\client.cpp(61): error C3861: getline: идентификатор не найден
f:\мгту\11 семестр\ооаип\lab4\lab4\client.cpp(62): error C2065: cout: необъявленный идентификатор
f:\мгту\11 семестр\ооаип\lab4\lab4\client.cpp(63): error C2065: cin: необъявленный идентификатор
f:\мгту\11 семестр\ооаип\lab4\lab4\client.cpp(64): error C2065: cout: необъявленный идентификатор
f:\мгту\11 семестр\ооаип\lab4\lab4\client.cpp(65): error C2065: cin: необъявленный идентификатор
f:\мгту\11 семестр\ооаип\lab4\lab4\client.cpp(66): error C2065: cout: необъявленный идентификатор
f:\мгту\11 семестр\ооаип\lab4\lab4\client.cpp(67): error C2065: cin: необъявленный идентификатор
f:\мгту\11 семестр\ооаип\lab4\lab4\client.cpp(68): error C2065: cin: необъявленный идентификатор
f:\мгту\11 семестр\ооаип\lab4\lab4\client.cpp(68): error C2065: descr: необъявленный идентификатор
f:\мгту\11 семестр\ооаип\lab4\lab4\client.cpp(68): error C3861: getline: идентификатор не найден
f:\мгту\11 семестр\ооаип\lab4\lab4\client.cpp(69): error C2065: query: необъявленный идентификатор
f:\мгту\11 семестр\ооаип\lab4\lab4\client.cpp(69): error C2065: delimiter: необъявленный идентификатор
f:\мгту\11 семестр\ооаип\lab4\lab4\client.cpp(69): error C2065: product_name: необъявленный идентификатор
f:\мгту\11 семестр\ооаип\lab4\lab4\client.cpp(69): error C3861: to_string: идентификатор не найден
f:\мгту\11 семестр\ооаип\lab4\lab4\client.cpp(69): error C2065: descr: необъявленный идентификатор
f:\мгту\11 семестр\ооаип\lab4\lab4\client.cpp(72): error C2065: cout: необъявленный идентификатор
f:\мгту\11 семестр\ооаип\lab4\lab4\client.cpp(72): error C2065: endl: необъявленный идентификатор
f:\мгту\11 семестр\ооаип\lab4\lab4\client.cpp(73): error C2065: cout: необъявленный идентификатор
f:\мгту\11 семестр\ооаип\lab4\lab4\client.cpp(74): error C2065: cin: необъявленный идентификатор
f:\мгту\11 семестр\ооаип\lab4\lab4\client.cpp(75): error C2065: cin: необъявленный идентификатор
f:\мгту\11 семестр\ооаип\lab4\lab4\client.cpp(75): error C2065: name: необъявленный идентификатор
f:\мгту\11 семестр\ооаип\lab4\lab4\client.cpp(75): error C3861: getline: идентификатор не найден
f:\мгту\11 семестр\ооаип\lab4\lab4\client.cpp(76): error C2065: cout: необъявленный идентификатор
f:\мгту\11 семестр\ооаип\lab4\lab4\client.cpp(77): error C2065: cin: необъявленный идентификатор
f:\мгту\11 семестр\ооаип\lab4\lab4\client.cpp(77): error C2065: password: необъявленный идентификатор
f:\мгту\11 семестр\ооаип\lab4\lab4\client.cpp(77): error C3861: getline: идентификатор не найден
f:\мгту\11 семестр\ооаип\lab4\lab4\client.cpp(78): error C2065: query: необъявленный идентификатор
f:\мгту\11 семестр\ооаип\lab4\lab4\client.cpp(78): error C2065: delimiter: необъявленный идентификатор
f:\мгту\11 семестр\ооаип\lab4\lab4\client.cpp(78): fatal error C1003: число ошибок превышает 100; остановка компиляции
  LAB4.cpp
  Server.cpp
f:\мгту\11 семестр\ооаип\lab4\lab4\server.cpp(22): error C2143: синтаксическая ошибка: отсутствие ";" перед "<"
f:\мгту\11 семестр\ооаип\lab4\lab4\server.cpp(22): error C4430: отсутствует спецификатор типа - предполагается int. Примечание. C++ не поддерживает int по умолчанию
f:\мгту\11 семестр\ооаип\lab4\lab4\server.cpp(22): error C2238: непредвиденные лексемы перед ";"
f:\мгту\11 семестр\ооаип\lab4\lab4\server.cpp(30): error C2061: синтаксическая ошибка: идентификатор "string"
f:\мгту\11 семестр\ооаип\lab4\lab4\server.cpp(32): error C3646: getKey: неизвестный спецификатор переопределения
f:\мгту\11 семестр\ооаип\lab4\lab4\server.cpp(32): error C2059: синтаксическая ошибка: (
f:\мгту\11 семестр\ооаип\lab4\lab4\server.cpp(32): error C2238: непредвиденные лексемы перед ";"
f:\мгту\11 семестр\ооаип\lab4\lab4\server.cpp(33): error C2061: синтаксическая ошибка: идентификатор "string"
f:\мгту\11 семестр\ооаип\lab4\lab4\server.cpp(34): error C2061: синтаксическая ошибка: идентификатор "string"
f:\мгту\11 семестр\ооаип\lab4\lab4\server.cpp(42): error C3646: login: неизвестный спецификатор переопределения
f:\мгту\11 семестр\ооаип\lab4\lab4\server.cpp(42): error C4430: отсутствует спецификатор типа - предполагается int. Примечание. C++ не поддерживает int по умолчанию
f:\мгту\11 семестр\ооаип\lab4\lab4\server.cpp(43): error C3646: password: неизвестный спецификатор переопределения
f:\мгту\11 семестр\ооаип\lab4\lab4\server.cpp(43): error C4430: отсутствует спецификатор типа - предполагается int. Примечание. C++ не поддерживает int по умолчанию
f:\мгту\11 семестр\ооаип\lab4\lab4\server.cpp(44): error C3646: salt: неизвестный спецификатор переопределения
f:\мгту\11 семестр\ооаип\lab4\lab4\server.cpp(44): error C4430: отсутствует спецификатор типа - предполагается int. Примечание. C++ не поддерживает int по умолчанию
f:\мгту\11 семестр\ооаип\lab4\lab4\server.cpp(51): error C2061: синтаксическая ошибка: идентификатор "string"
f:\мгту\11 семестр\ооаип\lab4\lab4\server.cpp(52): error C3646: print_short: неизвестный спецификатор переопределения
f:\мгту\11 семестр\ооаип\lab4\lab4\server.cpp(52): error C2059: синтаксическая ошибка: (
f:\мгту\11 семестр\ооаип\lab4\lab4\server.cpp(52): error C2238: непредвиденные лексемы перед ";"
f:\мгту\11 семестр\ооаип\lab4\lab4\server.cpp(53): error C3646: print_full: неизвестный спецификатор переопределения
f:\мгту\11 семестр\ооаип\lab4\lab4\server.cpp(53): error C2059: синтаксическая ошибка: (
f:\мгту\11 семестр\ооаип\lab4\lab4\server.cpp(53): error C2238: непредвиденные лексемы перед ";"
f:\мгту\11 семестр\ооаип\lab4\lab4\server.cpp(55): error C3646: name: неизвестный спецификатор переопределения
f:\мгту\11 семестр\ооаип\lab4\lab4\server.cpp(55): error C4430: отсутствует спецификатор типа - предполагается int. Примечание. C++ не поддерживает int по умолчанию
f:\мгту\11 семестр\ооаип\lab4\lab4\server.cpp(58): error C3646: description: неизвестный спецификатор переопределения
f:\мгту\11 семестр\ооаип\lab4\lab4\server.cpp(58): error C4430: отсутствует спецификатор типа - предполагается int. Примечание. C++ не поддерживает int по умолчанию
f:\мгту\11 семестр\ооаип\lab4\lab4\server.cpp(64): error C2143: синтаксическая ошибка: отсутствие ";" перед "<"
f:\мгту\11 семестр\ооаип\lab4\lab4\server.cpp(64): error C4430: отсутствует спецификатор типа - предполагается int. Примечание. C++ не поддерживает int по умолчанию
f:\мгту\11 семестр\ооаип\lab4\lab4\server.cpp(64): error C2238: непредвиденные лексемы перед ";"
f:\мгту\11 семестр\ооаип\lab4\lab4\server.cpp(65): error C2143: синтаксическая ошибка: отсутствие ";" перед "<"
f:\мгту\11 семестр\ооаип\lab4\lab4\server.cpp(65): error C4430: отсутствует спецификатор типа - предполагается int. Примечание. C++ не поддерживает int по умолчанию
f:\мгту\11 семестр\ооаип\lab4\lab4\server.cpp(65): error C2238: непредвиденные лексемы перед ";"
f:\мгту\11 семестр\ооаип\lab4\lab4\server.cpp(69): error C3646: runQuery: неизвестный спецификатор переопределения
f:\мгту\11 семестр\ооаип\lab4\lab4\server.cpp(69): error C2059: синтаксическая ошибка: (
f:\мгту\11 семестр\ооаип\lab4\lab4\server.cpp(69): error C2238: непредвиденные лексемы перед ";"
f:\мгту\11 семестр\ооаип\lab4\lab4\server.cpp(71): error C3646: addUser: неизвестный спецификатор переопределения
f:\мгту\11 семестр\ооаип\lab4\lab4\server.cpp(71): error C2059: синтаксическая ошибка: (
f:\мгту\11 семестр\ооаип\lab4\lab4\server.cpp(71): error C2238: непредвиденные лексемы перед ";"
f:\мгту\11 семестр\ооаип\lab4\lab4\server.cpp(72): error C2061: синтаксическая ошибка: идентификатор "string"
f:\мгту\11 семестр\ооаип\lab4\lab4\server.cpp(73): error C3646: addProduct: неизвестный спецификатор переопределения
f:\мгту\11 семестр\ооаип\lab4\lab4\server.cpp(73): error C2059: синтаксическая ошибка: (
f:\мгту\11 семестр\ооаип\lab4\lab4\server.cpp(73): error C2238: непредвиденные лексемы перед ";"
f:\мгту\11 семестр\ооаип\lab4\lab4\server.cpp(74): error C3646: updateProduct: неизвестный спецификатор переопределения
f:\мгту\11 семестр\ооаип\lab4\lab4\server.cpp(74): error C2059: синтаксическая ошибка: (
f:\мгту\11 семестр\ооаип\lab4\lab4\server.cpp(74): error C2238: непредвиденные лексемы перед ";"
f:\мгту\11 семестр\ооаип\lab4\lab4\server.cpp(75): error C2061: синтаксическая ошибка: идентификатор "string"
f:\мгту\11 семестр\ооаип\lab4\lab4\server.cpp(77): error C3646: tryToLogin: неизвестный спецификатор переопределения
f:\мгту\11 семестр\ооаип\lab4\lab4\server.cpp(77): error C2059: синтаксическая ошибка: (
f:\мгту\11 семестр\ооаип\lab4\lab4\server.cpp(77): error C2238: непредвиденные лексемы перед ";"
f:\мгту\11 семестр\ооаип\lab4\lab4\server.cpp(79): error C3646: print_Products: неизвестный спецификатор переопределения
f:\мгту\11 семестр\ооаип\lab4\lab4\server.cpp(79): error C2059: синтаксическая ошибка: (
f:\мгту\11 семестр\ооаип\lab4\lab4\server.cpp(79): error C2238: непредвиденные лексемы перед ";"
f:\мгту\11 семестр\ооаип\lab4\lab4\server.cpp(81): error C3646: print_Product_info: неизвестный спецификатор переопределения
f:\мгту\11 семестр\ооаип\lab4\lab4\server.cpp(81): error C2059: синтаксическая ошибка: (
f:\мгту\11 семестр\ооаип\lab4\lab4\server.cpp(81): error C2238: непредвиденные лексемы перед ";"
f:\мгту\11 семестр\ооаип\lab4\lab4\server.cpp(83): error C3646: create_New_Order: неизвестный спецификатор переопределения
f:\мгту\11 семестр\ооаип\lab4\lab4\server.cpp(83): error C2059: синтаксическая ошибка: (
f:\мгту\11 семестр\ооаип\lab4\lab4\server.cpp(83): error C2238: непредвиденные лексемы перед ";"
f:\мгту\11 семестр\ооаип\lab4\lab4\server.cpp(85): error C3646: add_Product_In_Order: неизвестный спецификатор переопределения
f:\мгту\11 семестр\ооаип\lab4\lab4\server.cpp(85): error C2059: синтаксическая ошибка: (
f:\мгту\11 семестр\ооаип\lab4\lab4\server.cpp(85): error C2238: непредвиденные лексемы перед ";"
f:\мгту\11 семестр\ооаип\lab4\lab4\server.cpp(87): error C3646: print_Order: неизвестный спецификатор переопределения
f:\мгту\11 семестр\ооаип\lab4\lab4\server.cpp(87): error C2059: синтаксическая ошибка: (
f:\мгту\11 семестр\ооаип\lab4\lab4\server.cpp(87): error C2238: непредвиденные лексемы перед ";"
f:\мгту\11 семестр\ооаип\lab4\lab4\server.cpp(89): error C3646: pay_For_Order: неизвестный спецификатор переопределения
f:\мгту\11 семестр\ооаип\lab4\lab4\server.cpp(89): error C2059: синтаксическая ошибка: (
f:\мгту\11 семестр\ооаип\lab4\lab4\server.cpp(89): error C2238: непредвиденные лексемы перед ";"
  Создание кода...
